<?xml version="1.0" encoding="UTF-8"?>
<robot generator="Robot 3.2.1 (Python 3.8.3 on win32)" generated="20200713 19:51:06.289" rpa="false">
<suite id="s1" name="Demo" source="C:\Users\dell\eclipse-workspace\Demo">
<suite id="s1-s1" name="Test" source="C:\Users\dell\eclipse-workspace\Demo\test.robot">
<test id="s1-s1-t1" name="login test">
<kw name="Open Browser" library="SeleniumLibrary">
<doc>Opens a new browser instance to the optional ``url``.</doc>
<arguments>
<arg>${Url}</arg>
<arg>${Browser}</arg>
</arguments>
<msg timestamp="20200713 19:51:06.786" level="INFO">Opening browser 'gc' to base url 'https://opensource-demo.orangehrmlive.com/index.php/auth/login'.</msg>
<status status="PASS" starttime="20200713 19:51:06.783" endtime="20200713 19:51:11.300"></status>
</kw>
<kw name="Maximize Browser Window" library="SeleniumLibrary">
<doc>Maximizes current browser window.</doc>
<status status="PASS" starttime="20200713 19:51:11.300" endtime="20200713 19:51:13.432"></status>
</kw>
<kw name="Input Text" library="SeleniumLibrary">
<doc>Types the given ``text`` into the text field identified by ``locator``.</doc>
<arguments>
<arg>id=txtUsername</arg>
<arg>&amp;{datalogin}[key1]</arg>
</arguments>
<msg timestamp="20200713 19:51:13.435" level="WARN">Accessing variable items using '&amp;{datalogin}[key1]' syntax is deprecated. Use '${datalogin}[key1]' instead.</msg>
<msg timestamp="20200713 19:51:13.436" level="INFO">Typing text 'Admin' into text field 'id=txtUsername'.</msg>
<status status="PASS" starttime="20200713 19:51:13.433" endtime="20200713 19:51:13.643"></status>
</kw>
<kw name="Input Password" library="SeleniumLibrary">
<doc>Types the given password into the text field identified by ``locator``.</doc>
<arguments>
<arg>id=txtPassword</arg>
<arg>&amp;{datalogin}[key2]</arg>
</arguments>
<msg timestamp="20200713 19:51:13.646" level="WARN">Accessing variable items using '&amp;{datalogin}[key2]' syntax is deprecated. Use '${datalogin}[key2]' instead.</msg>
<msg timestamp="20200713 19:51:13.646" level="INFO">Typing password into text field 'id=txtPassword'.</msg>
<msg timestamp="20200713 19:51:13.704" level="INFO">Temporally setting log level to: NONE</msg>
<msg timestamp="20200713 19:51:13.788" level="INFO">Log level changed from NONE to INFO.</msg>
<status status="PASS" starttime="20200713 19:51:13.645" endtime="20200713 19:51:13.788"></status>
</kw>
<kw name="Click Button" library="SeleniumLibrary">
<doc>Clicks the button identified by ``locator``.</doc>
<arguments>
<arg>id=btnLogin</arg>
</arguments>
<msg timestamp="20200713 19:51:13.789" level="INFO">Clicking button 'id=btnLogin'.</msg>
<status status="PASS" starttime="20200713 19:51:13.788" endtime="20200713 19:51:15.306"></status>
</kw>
<kw name="Click Element" library="SeleniumLibrary">
<doc>Click the element identified by ``locator``.</doc>
<arguments>
<arg>id=welcome</arg>
</arguments>
<msg timestamp="20200713 19:51:15.307" level="INFO">Clicking element 'id=welcome'.</msg>
<status status="PASS" starttime="20200713 19:51:15.307" endtime="20200713 19:51:15.739"></status>
</kw>
<kw name="Set Browser Implicit Wait" library="SeleniumLibrary">
<doc>Sets the implicit wait value used by Selenium.</doc>
<arguments>
<arg>1</arg>
</arguments>
<status status="PASS" starttime="20200713 19:51:15.739" endtime="20200713 19:51:15.756"></status>
</kw>
<kw name="Wait Until Element Is Visible" library="SeleniumLibrary">
<doc>Waits until the element ``locator`` is visible.</doc>
<arguments>
<arg>link=Logout</arg>
</arguments>
<status status="PASS" starttime="20200713 19:51:15.757" endtime="20200713 19:51:15.973"></status>
</kw>
<kw name="Click Element" library="SeleniumLibrary">
<doc>Click the element identified by ``locator``.</doc>
<arguments>
<arg>link=Logout</arg>
</arguments>
<msg timestamp="20200713 19:51:15.974" level="INFO">Clicking element 'link=Logout'.</msg>
<status status="PASS" starttime="20200713 19:51:15.974" endtime="20200713 19:51:16.498"></status>
</kw>
<kw name="Close Window" library="SeleniumLibrary">
<doc>Closes currently opened and selected browser window/tab.</doc>
<status status="PASS" starttime="20200713 19:51:16.498" endtime="20200713 19:51:16.768"></status>
</kw>
<kw name="Log" library="BuiltIn">
<doc>Logs the given message with the given level.</doc>
<arguments>
<arg>ceci est un test execute %{username} dans %{os}</arg>
</arguments>
<msg timestamp="20200713 19:51:16.769" level="INFO">ceci est un test execute dell dans Windows_NT</msg>
<status status="PASS" starttime="20200713 19:51:16.769" endtime="20200713 19:51:16.770"></status>
</kw>
<kw name="Log" library="BuiltIn">
<doc>Logs the given message with the given level.</doc>
<arguments>
<arg>%{os}</arg>
</arguments>
<msg timestamp="20200713 19:51:16.771" level="INFO">Windows_NT</msg>
<status status="PASS" starttime="20200713 19:51:16.770" endtime="20200713 19:51:16.771"></status>
</kw>
<doc>ceci est un test de login</doc>
<status status="PASS" starttime="20200713 19:51:06.782" endtime="20200713 19:51:16.772" critical="yes"></status>
</test>
<status status="PASS" starttime="20200713 19:51:06.429" endtime="20200713 19:51:16.775"></status>
</suite>
<status status="PASS" starttime="20200713 19:51:06.346" endtime="20200713 19:51:16.785"></status>
</suite>
<statistics>
<total>
<stat pass="1" fail="0">Critical Tests</stat>
<stat pass="1" fail="0">All Tests</stat>
</total>
<tag>
</tag>
<suite>
<stat pass="1" fail="0" id="s1" name="Demo">Demo</stat>
<stat pass="1" fail="0" id="s1-s1" name="Test">Demo.Test</stat>
</suite>
</statistics>
<errors>
<msg timestamp="20200713 19:51:13.435" level="WARN">Accessing variable items using '&amp;{datalogin}[key1]' syntax is deprecated. Use '${datalogin}[key1]' instead.</msg>
<msg timestamp="20200713 19:51:13.646" level="WARN">Accessing variable items using '&amp;{datalogin}[key2]' syntax is deprecated. Use '${datalogin}[key2]' instead.</msg>
</errors>
</robot>
